<?xml version="1.0" encoding="UTF-8"?>
<testng-results ignored="0" total="2" passed="2" failed="0" skipped="0">
  <reporter-output>
    <line>
      <![CDATA[went to test1 and url is opened ]]>
    </line>
    <line>
      <![CDATA[went to test1 and url is opened ]]>
    </line>
  </reporter-output>
  <suite started-at="2023-09-04T11:40:41 IST" name="Default suite" finished-at="2023-09-04T11:40:46 IST" duration-ms="4457">
    <groups>
    </groups>
    <test started-at="2023-09-04T11:40:41 IST" name="Default test" finished-at="2023-09-04T11:40:46 IST" duration-ms="4457">
      <class name="com.example.NewTest">
        <test-method is-config="true" signature="init()[pri:0, instance:com.example.NewTest@2d1ef81a]" started-at="2023-09-04T11:40:41 IST" name="init" finished-at="2023-09-04T11:40:43 IST" duration-ms="1622" status="PASS">
          <reporter-output>
          </reporter-output>
        </test-method> <!-- init -->
        <test-method signature="f(java.lang.String)[pri:0, instance:com.example.NewTest@2d1ef81a]" started-at="2023-09-04T11:40:43 IST" name="f" data-provider="dp" finished-at="2023-09-04T11:40:44 IST" duration-ms="1420" status="PASS">
          <params>
            <param index="0">
              <value>
                <![CDATA[https://www.google.com/]]>
              </value>
            </param>
          </params>
          <reporter-output>
            <line>
              <![CDATA[went to test1 and url is opened ]]>
            </line>
          </reporter-output>
        </test-method> <!-- f -->
        <test-method signature="f(java.lang.String)[pri:0, instance:com.example.NewTest@2d1ef81a]" started-at="2023-09-04T11:40:44 IST" name="f" data-provider="dp" finished-at="2023-09-04T11:40:45 IST" duration-ms="937" status="PASS">
          <params>
            <param index="0">
              <value>
                <![CDATA[https://www.amazon.in/]]>
              </value>
            </param>
          </params>
          <reporter-output>
            <line>
              <![CDATA[went to test1 and url is opened ]]>
            </line>
          </reporter-output>
        </test-method> <!-- f -->
        <test-method is-config="true" signature="close()[pri:0, instance:com.example.NewTest@2d1ef81a]" started-at="2023-09-04T11:40:45 IST" name="close" finished-at="2023-09-04T11:40:46 IST" duration-ms="360" status="PASS">
          <reporter-output>
          </reporter-output>
        </test-method> <!-- close -->
      </class> <!-- com.example.NewTest -->
    </test> <!-- Default test -->
  </suite> <!-- Default suite -->
</testng-results>
