<?xml version="1.0" encoding="UTF-8"?>
<!-- Generated by org.testng.reporters.JUnitXMLReporter -->
<testsuite ignored="4" hostname="DESKTOP-V4N81SJ" failures="0" tests="2" name="Test2" time="0.009" errors="0" timestamp="2023-09-04T10:52:17 IST">
  <testcase classname="com.example.NewTest1" name="test4" time="0.001"/>
  <testcase classname="com.example.NewTest1" name="test6" time="0.001"/>
  <testcase classname="com.example.NewTest" name="test1" time="0.0">
    <ignored/>
  </testcase> <!-- test1 -->
  <testcase classname="com.example.NewTest" name="test3" time="0.0">
    <ignored/>
  </testcase> <!-- test3 -->
  <testcase classname="com.example.NewTest" name="test2" time="0.0">
    <ignored/>
  </testcase> <!-- test2 -->
  <testcase classname="com.example.NewTest1" name="test5" time="0.0">
    <ignored/>
  </testcase> <!-- test5 -->
</testsuite> <!-- Test2 -->
