<?xml version="1.0" encoding="UTF-8"?>
<testng-results ignored="0" total="3" passed="3" failed="0" skipped="0">
  <reporter-output>
  </reporter-output>
  <suite started-at="2023-09-04T10:52:17 IST" name="Suite" finished-at="2023-09-04T10:52:17 IST" duration-ms="162">
    <groups>
      <group name="smoke">
        <method signature="NewTest.test1()[pri:0, instance:com.example.NewTest@368f2016]" name="test1" class="com.example.NewTest"/>
        <method signature="NewTest1.test6()[pri:0, instance:com.example.NewTest1@233795b6]" name="test6" class="com.example.NewTest1"/>
      </group> <!-- smoke -->
      <group name="sanity">
        <method signature="NewTest1.test4()[pri:0, instance:com.example.NewTest1@233795b6]" name="test4" class="com.example.NewTest1"/>
        <method signature="NewTest1.test6()[pri:0, instance:com.example.NewTest1@233795b6]" name="test6" class="com.example.NewTest1"/>
      </group> <!-- sanity -->
    </groups>
    <test started-at="2023-09-04T10:52:17 IST" name="Test1" finished-at="2023-09-04T10:52:17 IST" duration-ms="78">
      <class name="com.example.NewTest">
        <test-method signature="test1()[pri:0, instance:com.example.NewTest@368f2016]" started-at="2023-09-04T10:52:17 IST" name="test1" finished-at="2023-09-04T10:52:17 IST" duration-ms="19" status="PASS">
          <reporter-output>
          </reporter-output>
        </test-method> <!-- test1 -->
      </class> <!-- com.example.NewTest -->
    </test> <!-- Test1 -->
    <test started-at="2023-09-04T10:52:17 IST" name="Test2" finished-at="2023-09-04T10:52:17 IST" duration-ms="9">
      <class name="com.example.NewTest1">
        <test-method signature="test4()[pri:0, instance:com.example.NewTest1@233795b6]" started-at="2023-09-04T10:52:17 IST" name="test4" finished-at="2023-09-04T10:52:17 IST" duration-ms="1" status="PASS">
          <reporter-output>
          </reporter-output>
        </test-method> <!-- test4 -->
        <test-method signature="test6()[pri:0, instance:com.example.NewTest1@233795b6]" started-at="2023-09-04T10:52:17 IST" name="test6" finished-at="2023-09-04T10:52:17 IST" duration-ms="1" status="PASS">
          <reporter-output>
          </reporter-output>
        </test-method> <!-- test6 -->
      </class> <!-- com.example.NewTest1 -->
    </test> <!-- Test2 -->
  </suite> <!-- Suite -->
</testng-results>
